0 info it worked if it ends with ok
1 verbose cli [ '/Users/Alex/.nvm/versions/node/v6.9.5/bin/node',
1 verbose cli   '/Users/Alex/.nvm/versions/node/v6.9.5/bin/npm',
1 verbose cli   'run',
1 verbose cli   'start' ]
2 info using npm@3.10.10
3 info using node@v6.9.5
4 verbose run-script [ 'prestart', 'start', 'poststart' ]
5 info lifecycle nextbeat-web@0.2.0~prestart: nextbeat-web@0.2.0
6 verbose lifecycle nextbeat-web@0.2.0~prestart: unsafe-perm in lifecycle true
7 verbose lifecycle nextbeat-web@0.2.0~prestart: PATH: /Users/Alex/.nvm/versions/node/v6.9.5/lib/node_modules/npm/bin/node-gyp-bin:/Users/Alex/Documents/Bubble/web/node_modules/.bin:/Users/Alex/.fastlane/bin:/Users/Alex/.nvm/versions/node/v6.9.5/bin:/usr/texbin:/Users/Alex/.rvm/gems/ruby-2.1.2/bin:/Users/Alex/.rvm/gems/ruby-2.1.2@global/bin:/Users/Alex/.rvm/rubies/ruby-2.1.2/bin:/usr/texbin:/usr/local/bin:/usr/bin:/bin:/usr/sbin:/sbin:/opt/X11/bin:/usr/local/git/bin:/usr/local/go/bin:/usr/texbin:/Users/Alex/.rvm/bin:/Users/Alex/.rvm/bin:/Users/Alex/Documents/College/Academics/Masters/Winter14/CS248/adt-bundle-mac-x86_64-20131030/sdk/tools:/Users/Alex/Documents/College/Academics/Masters/Winter14/CS248/adt-bundle-mac-x86_64-20131030/sdk/platform-tools:/Users/Alex/Documents/College/Academics/Masters/Winter14/CS248/adt-bundle-mac-x86_64-20131030/sdk/build-tools/android-4.4:/Users/Alex/Downloads/KindleGen_Mac_i386_v2_9:/usr/local/go/bin:/Users/Alex/Documents/Bubble/go/bin
8 verbose lifecycle nextbeat-web@0.2.0~prestart: CWD: /Users/Alex/Documents/Bubble/web
9 silly lifecycle nextbeat-web@0.2.0~prestart: Args: [ '-c', 'webpack --config config/webpack.dll.development' ]
10 silly lifecycle nextbeat-web@0.2.0~prestart: Returned: code: 0  signal: null
11 info lifecycle nextbeat-web@0.2.0~start: nextbeat-web@0.2.0
12 verbose lifecycle nextbeat-web@0.2.0~start: unsafe-perm in lifecycle true
13 verbose lifecycle nextbeat-web@0.2.0~start: PATH: /Users/Alex/.nvm/versions/node/v6.9.5/lib/node_modules/npm/bin/node-gyp-bin:/Users/Alex/Documents/Bubble/web/node_modules/.bin:/Users/Alex/.fastlane/bin:/Users/Alex/.nvm/versions/node/v6.9.5/bin:/usr/texbin:/Users/Alex/.rvm/gems/ruby-2.1.2/bin:/Users/Alex/.rvm/gems/ruby-2.1.2@global/bin:/Users/Alex/.rvm/rubies/ruby-2.1.2/bin:/usr/texbin:/usr/local/bin:/usr/bin:/bin:/usr/sbin:/sbin:/opt/X11/bin:/usr/local/git/bin:/usr/local/go/bin:/usr/texbin:/Users/Alex/.rvm/bin:/Users/Alex/.rvm/bin:/Users/Alex/Documents/College/Academics/Masters/Winter14/CS248/adt-bundle-mac-x86_64-20131030/sdk/tools:/Users/Alex/Documents/College/Academics/Masters/Winter14/CS248/adt-bundle-mac-x86_64-20131030/sdk/platform-tools:/Users/Alex/Documents/College/Academics/Masters/Winter14/CS248/adt-bundle-mac-x86_64-20131030/sdk/build-tools/android-4.4:/Users/Alex/Downloads/KindleGen_Mac_i386_v2_9:/usr/local/go/bin:/Users/Alex/Documents/Bubble/go/bin
14 verbose lifecycle nextbeat-web@0.2.0~start: CWD: /Users/Alex/Documents/Bubble/web
15 silly lifecycle nextbeat-web@0.2.0~start: Args: [ '-c',
15 silly lifecycle   'webpack-dev-server --progress --colors --port 9090 --config config/webpack.config.development' ]
16 silly lifecycle nextbeat-web@0.2.0~start: Returned: code: 1  signal: null
17 info lifecycle nextbeat-web@0.2.0~start: Failed to exec start script
18 verbose stack Error: nextbeat-web@0.2.0 start: `webpack-dev-server --progress --colors --port 9090 --config config/webpack.config.development`
18 verbose stack Exit status 1
18 verbose stack     at EventEmitter.<anonymous> (/Users/Alex/.nvm/versions/node/v6.9.5/lib/node_modules/npm/lib/utils/lifecycle.js:255:16)
18 verbose stack     at emitTwo (events.js:106:13)
18 verbose stack     at EventEmitter.emit (events.js:191:7)
18 verbose stack     at ChildProcess.<anonymous> (/Users/Alex/.nvm/versions/node/v6.9.5/lib/node_modules/npm/lib/utils/spawn.js:40:14)
18 verbose stack     at emitTwo (events.js:106:13)
18 verbose stack     at ChildProcess.emit (events.js:191:7)
18 verbose stack     at maybeClose (internal/child_process.js:877:16)
18 verbose stack     at Process.ChildProcess._handle.onexit (internal/child_process.js:226:5)
19 verbose pkgid nextbeat-web@0.2.0
20 verbose cwd /Users/Alex/Documents/Bubble/web
21 error Darwin 16.7.0
22 error argv "/Users/Alex/.nvm/versions/node/v6.9.5/bin/node" "/Users/Alex/.nvm/versions/node/v6.9.5/bin/npm" "run" "start"
23 error node v6.9.5
24 error npm  v3.10.10
25 error code ELIFECYCLE
26 error nextbeat-web@0.2.0 start: `webpack-dev-server --progress --colors --port 9090 --config config/webpack.config.development`
26 error Exit status 1
27 error Failed at the nextbeat-web@0.2.0 start script 'webpack-dev-server --progress --colors --port 9090 --config config/webpack.config.development'.
27 error Make sure you have the latest version of node.js and npm installed.
27 error If you do, this is most likely a problem with the nextbeat-web package,
27 error not with npm itself.
27 error Tell the author that this fails on your system:
27 error     webpack-dev-server --progress --colors --port 9090 --config config/webpack.config.development
27 error You can get information on how to open an issue for this project with:
27 error     npm bugs nextbeat-web
27 error Or if that isn't available, you can get their info via:
27 error     npm owner ls nextbeat-web
27 error There is likely additional logging output above.
28 verbose exit [ 1, true ]
